1666185464104	geckodriver	INFO	Listening on 127.0.0.1:58839
1666185464618	mozrunner::runner	INFO	Running command: "/Applications/Firefox.app/Contents/MacOS/firefox-bin" "--marionette" "--remote-debugging-port" "58840" "--remote-allow-hosts" "localhost" "-foreground" "-no-remote" "-profile" "/var/folders/_6/w0p7h0tn1179j79r9bskx_2c0000gn/T/rust_mozprofileEqwBmZ"
2022-10-19 16:17:45.126 plugin-container[77560:541581] nil host used in call to allowsSpecificHTTPSCertificateForHost
2022-10-19 16:17:45.126 plugin-container[77560:541581] nil host used in call to allowsAnyHTTPSCertificateForHost:
1666185465148	Marionette	INFO	Marionette enabled
1666185465218	Marionette	INFO	Listening on port 58847
2022-10-19 16:17:45.228 plugin-container[77560:541581] nil host used in call to allowsSpecificHTTPSCertificateForHost
2022-10-19 16:17:45.228 plugin-container[77560:541581] nil host used in call to allowsAnyHTTPSCertificateForHost:
2022-10-19 16:17:45.229 plugin-container[77560:541588] nil host used in call to allowsSpecificHTTPSCertificateForHost
2022-10-19 16:17:45.229 plugin-container[77560:541588] nil host used in call to allowsAnyHTTPSCertificateForHost:
Read port: 58847
WebDriver BiDi listening on ws://127.0.0.1:58840
1666185465477	RemoteAgent	WARN	TLS certificate errors will be ignored for this session
console.warn: SearchSettings: "get: No settings file exists, new profile?" (new NotFoundError("Could not open the file at /var/folders/_6/w0p7h0tn1179j79r9bskx_2c0000gn/T/rust_mozprofileEqwBmZ/search.json.mozlz4", (void 0)))
DevTools listening on ws://127.0.0.1:58840/devtools/browser/6465f52d-0234-41d6-8f47-f5c80431d5ca
console.warn: LoginRecipes: "Falling back to a synchronous message for: https://sso.passport.yandex.ru."
1666185467017	Marionette	WARN	Ignoring event 'DOMContentLoaded' because document has an invalid readyState of 'complete'.
1666185467147	Marionette	WARN	Ignoring event 'DOMContentLoaded' because document has an invalid readyState of 'complete'.
1666185470089	Marionette	INFO	Stopped listening on port 58847
1666185485225	geckodriver	INFO	Listening on 127.0.0.1:58927
1666185485744	mozrunner::runner	INFO	Running command: "/Applications/Firefox.app/Contents/MacOS/firefox-bin" "--marionette" "--remote-debugging-port" "58928" "--remote-allow-hosts" "localhost" "-foreground" "-no-remote" "-profile" "/var/folders/_6/w0p7h0tn1179j79r9bskx_2c0000gn/T/rust_mozprofilehyt9pg"
2022-10-19 16:18:06.175 plugin-container[77655:542439] nil host used in call to allowsSpecificHTTPSCertificateForHost
2022-10-19 16:18:06.175 plugin-container[77655:542439] nil host used in call to allowsAnyHTTPSCertificateForHost:
2022-10-19 16:18:06.177 plugin-container[77655:542439] nil host used in call to allowsSpecificHTTPSCertificateForHost
2022-10-19 16:18:06.177 plugin-container[77655:542439] nil host used in call to allowsAnyHTTPSCertificateForHost:
2022-10-19 16:18:06.178 plugin-container[77655:542437] nil host used in call to allowsSpecificHTTPSCertificateForHost
2022-10-19 16:18:06.178 plugin-container[77655:542437] nil host used in call to allowsAnyHTTPSCertificateForHost:
1666185486193	Marionette	INFO	Marionette enabled
1666185486224	Marionette	INFO	Listening on port 58935
Read port: 58935
WebDriver BiDi listening on ws://127.0.0.1:58928
1666185486369	RemoteAgent	WARN	TLS certificate errors will be ignored for this session
console.warn: SearchSettings: "get: No settings file exists, new profile?" (new NotFoundError("Could not open the file at /var/folders/_6/w0p7h0tn1179j79r9bskx_2c0000gn/T/rust_mozprofilehyt9pg/search.json.mozlz4", (void 0)))
DevTools listening on ws://127.0.0.1:58928/devtools/browser/5eef5e1a-8793-42f7-893a-806147a7e920
console.warn: LoginRecipes: "Falling back to a synchronous message for: https://sso.passport.yandex.ru."
1666185487677	Marionette	WARN	Ignoring event 'DOMContentLoaded' because document has an invalid readyState of 'complete'.
1666185487782	Marionette	WARN	Ignoring event 'DOMContentLoaded' because document has an invalid readyState of 'complete'.
1666185490491	Marionette	INFO	Stopped listening on port 58935
1666185496256	geckodriver	INFO	Listening on 127.0.0.1:59019
1666185496775	mozrunner::runner	INFO	Running command: "/Applications/Firefox.app/Contents/MacOS/firefox-bin" "--marionette" "--remote-debugging-port" "59020" "--remote-allow-hosts" "localhost" "-foreground" "-no-remote" "-profile" "/var/folders/_6/w0p7h0tn1179j79r9bskx_2c0000gn/T/rust_mozprofilewAIRTo"
2022-10-19 16:18:17.191 plugin-container[77710:543116] nil host used in call to allowsSpecificHTTPSCertificateForHost
2022-10-19 16:18:17.191 plugin-container[77710:543116] nil host used in call to allowsAnyHTTPSCertificateForHost:
2022-10-19 16:18:17.193 plugin-container[77710:543116] nil host used in call to allowsSpecificHTTPSCertificateForHost
2022-10-19 16:18:17.193 plugin-container[77710:543116] nil host used in call to allowsAnyHTTPSCertificateForHost:
2022-10-19 16:18:17.193 plugin-container[77710:543114] nil host used in call to allowsSpecificHTTPSCertificateForHost
2022-10-19 16:18:17.193 plugin-container[77710:543114] nil host used in call to allowsAnyHTTPSCertificateForHost:
1666185497209	Marionette	INFO	Marionette enabled
1666185497240	Marionette	INFO	Listening on port 59027
Read port: 59027
WebDriver BiDi listening on ws://127.0.0.1:59020
1666185497384	RemoteAgent	WARN	TLS certificate errors will be ignored for this session
console.warn: SearchSettings: "get: No settings file exists, new profile?" (new NotFoundError("Could not open the file at /var/folders/_6/w0p7h0tn1179j79r9bskx_2c0000gn/T/rust_mozprofilewAIRTo/search.json.mozlz4", (void 0)))
DevTools listening on ws://127.0.0.1:59020/devtools/browser/0446d10f-8bd5-4a5c-a510-7071b33de6e2
console.warn: LoginRecipes: "Falling back to a synchronous message for: https://sso.passport.yandex.ru."
1666185498777	Marionette	WARN	Ignoring event 'DOMContentLoaded' because document has an invalid readyState of 'complete'.
1666185498856	Marionette	WARN	Ignoring event 'DOMContentLoaded' because document has an invalid readyState of 'complete'.
1666185501541	Marionette	INFO	Stopped listening on port 59027
